<?xml version="1.0" encoding="UTF-8"?>
<testsuite name="app.utils.ds.LinkedListTest" tests="2" skipped="0" failures="0" errors="0" timestamp="2017-03-23T01:54:40" hostname="Enrico" time="0.015">
  <properties/>
  <testcase name="threeNodeTest" classname="app.utils.ds.LinkedListTest" time="0.011"/>
  <testcase name="emptyListExceptionsTest" classname="app.utils.ds.LinkedListTest" time="0.001"/>
  <system-out><![CDATA[]]></system-out>
  <system-err><![CDATA[]]></system-err>
</testsuite>
